# JRE version: OpenJDK Runtime Environment (8.0_312-b07) (build 1.8.0_312-b07)
# Java VM: OpenJDK 64-Bit Server VM (25.312-b07 mixed mode bsd-amd64 compressed oops)
Heap:
 PSYoungGen      total 38400K, used 2830K [0x0000000795580000, 0x0000000798c00000, 0x00000007c0000000)
  eden space 33280K, 3% used [0x0000000795580000,0x00000007956ab958,0x0000000797600000)
  from space 5120K, 31% used [0x0000000797b00000,0x0000000797c98000,0x0000000798000000)
  to   space 5120K, 0% used [0x0000000797600000,0x0000000797600000,0x0000000797b00000)
 ParOldGen       total 73216K, used 12595K [0x0000000740000000, 0x0000000744780000, 0x0000000795580000)
  object space 73216K, 17% used [0x0000000740000000,0x0000000740c4ce18,0x0000000744780000)
 Metaspace       used 22846K, capacity 24020K, committed 24112K, reserved 1071104K
  class space    used 3061K, capacity 3305K, committed 3376K, reserved 1048576K
GC Heap History (10 events):
Event: 1.549 GC heap before
{Heap before GC invocations=1 (full 0):
 PSYoungGen      total 38400K, used 33280K [0x0000000795580000, 0x0000000798000000, 0x00000007c0000000)
  eden space 33280K, 100% used [0x0000000795580000,0x0000000797600000,0x0000000797600000)
  from space 5120K, 0% used [0x0000000797b00000,0x0000000797b00000,0x0000000798000000)
  to   space 5120K, 0% used [0x0000000797600000,0x0000000797600000,0x0000000797b00000)
 ParOldGen       total 87552K, used 0K [0x0000000740000000, 0x0000000745580000, 0x0000000795580000)
  object space 87552K, 0% used [0x0000000740000000,0x0000000740000000,0x0000000745580000)
 Metaspace       used 11555K, capacity 11924K, committed 12160K, reserved 1060864K
  class space    used 1464K, capacity 1559K, committed 1664K, reserved 1048576K
Event: 1.557 GC heap after
Heap after GC invocations=1 (full 0):
 PSYoungGen      total 38400K, used 5105K [0x0000000795580000, 0x0000000798000000, 0x00000007c0000000)
  eden space 33280K, 0% used [0x0000000795580000,0x0000000795580000,0x0000000797600000)
  from space 5120K, 99% used [0x0000000797600000,0x0000000797afc550,0x0000000797b00000)
  to   space 5120K, 0% used [0x0000000797b00000,0x0000000797b00000,0x0000000798000000)
 ParOldGen       total 87552K, used 2402K [0x0000000740000000, 0x0000000745580000, 0x0000000795580000)
  object space 87552K, 2% used [0x0000000740000000,0x0000000740258b60,0x0000000745580000)
 Metaspace       used 11555K, capacity 11924K, committed 12160K, reserved 1060864K
  class space    used 1464K, capacity 1559K, committed 1664K, reserved 1048576K
}
Event: 2.768 GC heap before
{Heap before GC invocations=2 (full 0):
 PSYoungGen      total 38400K, used 38385K [0x0000000795580000, 0x0000000798000000, 0x00000007c0000000)
  eden space 33280K, 100% used [0x0000000795580000,0x0000000797600000,0x0000000797600000)
  from space 5120K, 99% used [0x0000000797600000,0x0000000797afc550,0x0000000797b00000)
  to   space 5120K, 0% used [0x0000000797b00000,0x0000000797b00000,0x0000000798000000)
 ParOldGen       total 87552K, used 2402K [0x0000000740000000, 0x0000000745580000, 0x0000000795580000)
  object space 87552K, 2% used [0x0000000740000000,0x0000000740258b60,0x0000000745580000)
 Metaspace       used 16779K, capacity 17248K, committed 17408K, reserved 1064960K
  class space    used 2332K, capacity 2497K, committed 2560K, reserved 1048576K
Event: 2.778 GC heap after
Heap after GC invocations=2 (full 0):
 PSYoungGen      total 38400K, used 5118K [0x0000000795580000, 0x0000000798000000, 0x00000007c0000000)
  eden space 33280K, 0% used [0x0000000795580000,0x0000000795580000,0x0000000797600000)
  from space 5120K, 99% used [0x0000000797b00000,0x0000000797fff900,0x0000000798000000)
  to   space 5120K, 0% used [0x0000000797600000,0x0000000797600000,0x0000000797b00000)
 ParOldGen       total 87552K, used 6484K [0x0000000740000000, 0x0000000745580000, 0x0000000795580000)
  object space 87552K, 7% used [0x0000000740000000,0x00000007406551d8,0x0000000745580000)
 Metaspace       used 16779K, capacity 17248K, committed 17408K, reserved 1064960K
  class space    used 2332K, capacity 2497K, committed 2560K, reserved 1048576K
}
Event: 3.770 GC heap before
{Heap before GC invocations=3 (full 0):
 PSYoungGen      total 38400K, used 25462K [0x0000000795580000, 0x0000000798000000, 0x00000007c0000000)
  eden space 33280K, 61% used [0x0000000795580000,0x000000079695dfe0,0x0000000797600000)
  from space 5120K, 99% used [0x0000000797b00000,0x0000000797fff900,0x0000000798000000)
  to   space 5120K, 0% used [0x0000000797600000,0x0000000797600000,0x0000000797b00000)
 ParOldGen       total 87552K, used 6484K [0x0000000740000000, 0x0000000745580000, 0x0000000795580000)
  object space 87552K, 7% used [0x0000000740000000,0x00000007406551d8,0x0000000745580000)
 Metaspace       used 20219K, capacity 21240K, committed 21296K, reserved 1067008K
  class space    used 2907K, capacity 3097K, committed 3120K, reserved 1048576K
Event: 3.786 GC heap after
Heap after GC invocations=3 (full 0):
 PSYoungGen      total 38400K, used 5088K [0x0000000795580000, 0x0000000798000000, 0x00000007c0000000)
  eden space 33280K, 0% used [0x0000000795580000,0x0000000795580000,0x0000000797600000)
  from space 5120K, 99% used [0x0000000797600000,0x0000000797af8030,0x0000000797b00000)
  to   space 5120K, 0% used [0x0000000797b00000,0x0000000797b00000,0x0000000798000000)
 ParOldGen       total 87552K, used 13305K [0x0000000740000000, 0x0000000745580000, 0x0000000795580000)
  object space 87552K, 15% used [0x0000000740000000,0x0000000740cfe598,0x0000000745580000)
 Metaspace       used 20219K, capacity 21240K, committed 21296K, reserved 1067008K
  class space    used 2907K, capacity 3097K, committed 3120K, reserved 1048576K
}
Event: 3.786 GC heap before
{Heap before GC invocations=4 (full 1):
 PSYoungGen      total 38400K, used 5088K [0x0000000795580000, 0x0000000798000000, 0x00000007c0000000)
  eden space 33280K, 0% used [0x0000000795580000,0x0000000795580000,0x0000000797600000)
  from space 5120K, 99% used [0x0000000797600000,0x0000000797af8030,0x0000000797b00000)
  to   space 5120K, 0% used [0x0000000797b00000,0x0000000797b00000,0x0000000798000000)
 ParOldGen       total 87552K, used 13305K [0x0000000740000000, 0x0000000745580000, 0x0000000795580000)
  object space 87552K, 15% used [0x0000000740000000,0x0000000740cfe598,0x0000000745580000)
 Metaspace       used 20219K, capacity 21240K, committed 21296K, reserved 1067008K
  class space    used 2907K, capacity 3097K, committed 3120K, reserved 1048576K
Event: 3.837 GC heap after
Heap after GC invocations=4 (full 1):
 PSYoungGen      total 38400K, used 0K [0x0000000795580000, 0x0000000798000000, 0x00000007c0000000)
  eden space 33280K, 0% used [0x0000000795580000,0x0000000795580000,0x0000000797600000)
  from space 5120K, 0% used [0x0000000797600000,0x0000000797600000,0x0000000797b00000)
  to   space 5120K, 0% used [0x0000000797b00000,0x0000000797b00000,0x0000000798000000)
 ParOldGen       total 73216K, used 12587K [0x0000000740000000, 0x0000000744780000, 0x0000000795580000)
  object space 73216K, 17% used [0x0000000740000000,0x0000000740c4ae18,0x0000000744780000)
 Metaspace       used 20219K, capacity 21240K, committed 21296K, reserved 1067008K
  class space    used 2907K, capacity 3097K, committed 3120K, reserved 1048576K
}
Event: 38.397 GC heap before
{Heap before GC invocations=5 (full 1):
 PSYoungGen      total 38400K, used 33280K [0x0000000795580000, 0x0000000798000000, 0x00000007c0000000)
  eden space 33280K, 100% used [0x0000000795580000,0x0000000797600000,0x0000000797600000)
  from space 5120K, 0% used [0x0000000797600000,0x0000000797600000,0x0000000797b00000)
  to   space 5120K, 0% used [0x0000000797b00000,0x0000000797b00000,0x0000000798000000)
 ParOldGen       total 73216K, used 12587K [0x0000000740000000, 0x0000000744780000, 0x0000000795580000)
  object space 73216K, 17% used [0x0000000740000000,0x0000000740c4ae18,0x0000000744780000)
 Metaspace       used 22845K, capacity 24020K, committed 24112K, reserved 1071104K
  class space    used 3061K, capacity 3305K, committed 3376K, reserved 1048576K
Event: 38.401 GC heap after
Heap after GC invocations=5 (full 1):
 PSYoungGen      total 38400K, used 1632K [0x0000000795580000, 0x0000000798c00000, 0x00000007c0000000)
  eden space 33280K, 0% used [0x0000000795580000,0x0000000795580000,0x0000000797600000)
  from space 5120K, 31% used [0x0000000797b00000,0x0000000797c98000,0x0000000798000000)
  to   space 5120K, 0% used [0x0000000797600000,0x0000000797600000,0x0000000797b00000)
 ParOldGen       total 73216K, used 12595K [0x0000000740000000, 0x0000000744780000, 0x0000000795580000)
  object space 73216K, 17% used [0x0000000740000000,0x0000000740c4ce18,0x0000000744780000)
 Metaspace       used 22845K, capacity 24020K, committed 24112K, reserved 1071104K
  class space    used 3061K, capacity 3305K, committed 3376K, reserved 1048576K
}

