# JRE version: OpenJDK Runtime Environment (8.0_312-b07) (build 1.8.0_312-b07)
# Java VM: OpenJDK 64-Bit Server VM (25.312-b07 mixed mode bsd-amd64 compressed oops)
Heap:
 PSYoungGen      total 138240K, used 69188K [0x0000000795580000, 0x000000079e180000, 0x00000007c0000000)
  eden space 133120K, 51% used [0x0000000795580000,0x0000000799911020,0x000000079d780000)
  from space 5120K, 0% used [0x000000079dc80000,0x000000079dc80000,0x000000079e180000)
  to   space 5120K, 0% used [0x000000079d780000,0x000000079d780000,0x000000079dc80000)
 ParOldGen       total 62976K, used 11169K [0x0000000740000000, 0x0000000743d80000, 0x0000000795580000)
  object space 62976K, 17% used [0x0000000740000000,0x0000000740ae86c8,0x0000000743d80000)
 Metaspace       used 23074K, capacity 24292K, committed 24572K, reserved 1071104K
  class space    used 3063K, capacity 3307K, committed 3376K, reserved 1048576K
GC Heap History (10 events):
Event: 1.546 GC heap before
{Heap before GC invocations=1 (full 0):
 PSYoungGen      total 38400K, used 33280K [0x0000000795580000, 0x0000000798000000, 0x00000007c0000000)
  eden space 33280K, 100% used [0x0000000795580000,0x0000000797600000,0x0000000797600000)
  from space 5120K, 0% used [0x0000000797b00000,0x0000000797b00000,0x0000000798000000)
  to   space 5120K, 0% used [0x0000000797600000,0x0000000797600000,0x0000000797b00000)
 ParOldGen       total 87552K, used 0K [0x0000000740000000, 0x0000000745580000, 0x0000000795580000)
  object space 87552K, 0% used [0x0000000740000000,0x0000000740000000,0x0000000745580000)
 Metaspace       used 11556K, capacity 11860K, committed 12160K, reserved 1060864K
  class space    used 1470K, capacity 1559K, committed 1664K, reserved 1048576K
Event: 1.566 GC heap after
Heap after GC invocations=1 (full 0):
 PSYoungGen      total 38400K, used 5107K [0x0000000795580000, 0x000000079a080000, 0x00000007c0000000)
  eden space 33280K, 0% used [0x0000000795580000,0x0000000795580000,0x0000000797600000)
  from space 5120K, 99% used [0x0000000797600000,0x0000000797afcd20,0x0000000797b00000)
  to   space 5120K, 0% used [0x0000000799b80000,0x0000000799b80000,0x000000079a080000)
 ParOldGen       total 87552K, used 2395K [0x0000000740000000, 0x0000000745580000, 0x0000000795580000)
  object space 87552K, 2% used [0x0000000740000000,0x0000000740256f90,0x0000000745580000)
 Metaspace       used 11556K, capacity 11860K, committed 12160K, reserved 1060864K
  class space    used 1470K, capacity 1559K, committed 1664K, reserved 1048576K
}
Event: 2.738 GC heap before
{Heap before GC invocations=2 (full 0):
 PSYoungGen      total 38400K, used 38387K [0x0000000795580000, 0x000000079a080000, 0x00000007c0000000)
  eden space 33280K, 100% used [0x0000000795580000,0x0000000797600000,0x0000000797600000)
  from space 5120K, 99% used [0x0000000797600000,0x0000000797afcd20,0x0000000797b00000)
  to   space 5120K, 0% used [0x0000000799b80000,0x0000000799b80000,0x000000079a080000)
 ParOldGen       total 87552K, used 2395K [0x0000000740000000, 0x0000000745580000, 0x0000000795580000)
  object space 87552K, 2% used [0x0000000740000000,0x0000000740256f90,0x0000000745580000)
 Metaspace       used 16732K, capacity 17244K, committed 17408K, reserved 1064960K
  class space    used 2332K, capacity 2497K, committed 2560K, reserved 1048576K
Event: 2.748 GC heap after
Heap after GC invocations=2 (full 0):
 PSYoungGen      total 71680K, used 5102K [0x0000000795580000, 0x000000079a080000, 0x00000007c0000000)
  eden space 66560K, 0% used [0x0000000795580000,0x0000000795580000,0x0000000799680000)
  from space 5120K, 99% used [0x0000000799b80000,0x000000079a07b910,0x000000079a080000)
  to   space 5120K, 0% used [0x0000000799680000,0x0000000799680000,0x0000000799b80000)
 ParOldGen       total 87552K, used 6461K [0x0000000740000000, 0x0000000745580000, 0x0000000795580000)
  object space 87552K, 7% used [0x0000000740000000,0x000000074064f6e8,0x0000000745580000)
 Metaspace       used 16732K, capacity 17244K, committed 17408K, reserved 1064960K
  class space    used 2332K, capacity 2497K, committed 2560K, reserved 1048576K
}
Event: 3.829 GC heap before
{Heap before GC invocations=3 (full 0):
 PSYoungGen      total 71680K, used 23734K [0x0000000795580000, 0x000000079a080000, 0x00000007c0000000)
  eden space 66560K, 27% used [0x0000000795580000,0x00000007967b20b0,0x0000000799680000)
  from space 5120K, 99% used [0x0000000799b80000,0x000000079a07b910,0x000000079a080000)
  to   space 5120K, 0% used [0x0000000799680000,0x0000000799680000,0x0000000799b80000)
 ParOldGen       total 87552K, used 6461K [0x0000000740000000, 0x0000000745580000, 0x0000000795580000)
  object space 87552K, 7% used [0x0000000740000000,0x000000074064f6e8,0x0000000745580000)
 Metaspace       used 20109K, capacity 21148K, committed 21424K, reserved 1067008K
  class space    used 2900K, capacity 3129K, committed 3248K, reserved 1048576K
Event: 3.855 GC heap after
Heap after GC invocations=3 (full 0):
 PSYoungGen      total 71680K, used 5102K [0x0000000795580000, 0x000000079e180000, 0x00000007c0000000)
  eden space 66560K, 0% used [0x0000000795580000,0x0000000795580000,0x0000000799680000)
  from space 5120K, 99% used [0x0000000799680000,0x0000000799b7b930,0x0000000799b80000)
  to   space 5120K, 0% used [0x000000079dc80000,0x000000079dc80000,0x000000079e180000)
 ParOldGen       total 87552K, used 10147K [0x0000000740000000, 0x0000000745580000, 0x0000000795580000)
  object space 87552K, 11% used [0x0000000740000000,0x00000007409e8ca8,0x0000000745580000)
 Metaspace       used 20109K, capacity 21148K, committed 21424K, reserved 1067008K
  class space    used 2900K, capacity 3129K, committed 3248K, reserved 1048576K
}
Event: 5.933 GC heap before
{Heap before GC invocations=4 (full 0):
 PSYoungGen      total 71680K, used 11855K [0x0000000795580000, 0x000000079e180000, 0x00000007c0000000)
  eden space 66560K, 10% used [0x0000000795580000,0x0000000795c18698,0x0000000799680000)
  from space 5120K, 99% used [0x0000000799680000,0x0000000799b7b930,0x0000000799b80000)
  to   space 5120K, 0% used [0x000000079dc80000,0x000000079dc80000,0x000000079e180000)
 ParOldGen       total 87552K, used 10147K [0x0000000740000000, 0x0000000745580000, 0x0000000795580000)
  object space 87552K, 11% used [0x0000000740000000,0x00000007409e8ca8,0x0000000745580000)
 Metaspace       used 20478K, capacity 21508K, committed 21628K, reserved 1067008K
  class space    used 2953K, capacity 3183K, committed 3248K, reserved 1048576K
Event: 5.942 GC heap after
Heap after GC invocations=4 (full 0):
 PSYoungGen      total 138240K, used 5102K [0x0000000795580000, 0x000000079e180000, 0x00000007c0000000)
  eden space 133120K, 0% used [0x0000000795580000,0x0000000795580000,0x000000079d780000)
  from space 5120K, 99% used [0x000000079dc80000,0x000000079e17b910,0x000000079e180000)
  to   space 5120K, 0% used [0x000000079d780000,0x000000079d780000,0x000000079dc80000)
 ParOldGen       total 87552K, used 15574K [0x0000000740000000, 0x0000000745580000, 0x0000000795580000)
  object space 87552K, 17% used [0x0000000740000000,0x0000000740f35ad0,0x0000000745580000)
 Metaspace       used 20478K, capacity 21508K, committed 21628K, reserved 1067008K
  class space    used 2953K, capacity 3183K, committed 3248K, reserved 1048576K
}
Event: 5.942 GC heap before
{Heap before GC invocations=5 (full 1):
 PSYoungGen      total 138240K, used 5102K [0x0000000795580000, 0x000000079e180000, 0x00000007c0000000)
  eden space 133120K, 0% used [0x0000000795580000,0x0000000795580000,0x000000079d780000)
  from space 5120K, 99% used [0x000000079dc80000,0x000000079e17b910,0x000000079e180000)
  to   space 5120K, 0% used [0x000000079d780000,0x000000079d780000,0x000000079dc80000)
 ParOldGen       total 87552K, used 15574K [0x0000000740000000, 0x0000000745580000, 0x0000000795580000)
  object space 87552K, 17% used [0x0000000740000000,0x0000000740f35ad0,0x0000000745580000)
 Metaspace       used 20478K, capacity 21508K, committed 21628K, reserved 1067008K
  class space    used 2953K, capacity 3183K, committed 3248K, reserved 1048576K
Event: 5.985 GC heap after
Heap after GC invocations=5 (full 1):
 PSYoungGen      total 138240K, used 0K [0x0000000795580000, 0x000000079e180000, 0x00000007c0000000)
  eden space 133120K, 0% used [0x0000000795580000,0x0000000795580000,0x000000079d780000)
  from space 5120K, 0% used [0x000000079dc80000,0x000000079dc80000,0x000000079e180000)
  to   space 5120K, 0% used [0x000000079d780000,0x000000079d780000,0x000000079dc80000)
 ParOldGen       total 62976K, used 11169K [0x0000000740000000, 0x0000000743d80000, 0x0000000795580000)
  object space 62976K, 17% used [0x0000000740000000,0x0000000740ae86c8,0x0000000743d80000)
 Metaspace       used 20478K, capacity 21508K, committed 21628K, reserved 1067008K
  class space    used 2953K, capacity 3183K, committed 3248K, reserved 1048576K
}

